2024-04-04T16:02:00.722872Z  INFO telemetry: job_telemetry_init artifact_type=installed branch=origin/978973a86674a63f49b991fe76874eb1d4395f67 ci_number=20240402.3 ci_name=CommonRuntime-prod-build build_time=2024-04-02 22:38:18.697123
2024-04-04T16:02:00.723027Z  INFO metrics-capability::do_main: metrics_capability: metrics cap config cap_config=MetricsCapConfig { polling_interval_sec: 15, send_to_history_interval_sec: 60, enabled_resource_metrics: ["CpuUtilizationPercentage", "GpuUtilizationPercentage", "GpuEnergyJoules", "GpuMemoryUtilizationPercentage", "GpuMemoryUtilizationMegabytes", "GpuMemoryCapacityMegabytes", "CpuMemoryUtilizationPercentage", "CpuMemoryUtilizationMegabytes", "CpuMemoryCapacityMegabytes", "DiskReadMegabytes", "DiskWriteMegabytes", "NetworkInputMegabytes", "NetworkOutputMegabytes", "IBReceiveMegabytes", "IBTransmitMegabytes", "DiskUsedMegabytes", "DiskAvailMegabytes", "StorageAPISuccessCount", "StorageAPIFailureCount"], reserved_disk_space_bytes: 1400000000, additional_scrape_jobs: [], prometheus_push_gateway_port: None, enable_job_cost_metrics: true }
2024-04-04T16:02:00.723169Z  INFO metrics-capability::do_main: metrics_capability: run token file created
2024-04-04T16:02:00.723185Z  INFO metrics-capability::do_main: metrics_capability: embedded file file="prometheus-template.yml"
2024-04-04T16:02:00.723670Z  INFO metrics-capability::do_main: metrics_capability: prometheus config file created
2024-04-04T16:02:00.723717Z  INFO metrics-capability::do_main: metrics_capability: No GPUs found, skipping nvidia-smi instant exporter
2024-04-04T16:02:00.723853Z  INFO metrics-capability::do_main: metrics_capability::additional_scrape_jobs_configer: created additional scrape jobs additional_scrape_jobs="- targets:\n  - localhost:9500\n"
2024-04-04T16:02:00.723889Z  INFO metrics-capability::do_main: metrics_capability: prometheus push gateway not enabled
2024-04-04T16:02:00.723932Z  INFO metrics-capability::do_main: metrics_capability: starting metrics-cap exporter thread, listen on 0.0.0.0:9500
2024-04-04T16:02:00.723934Z  INFO metrics_capability: starting prometheus subprocess watcher task
2024-04-04T16:02:00.723969Z  INFO metrics_capability: starting prometheus subprocess: prometheus ["--storage.tsdb.retention.time=30m", "--log.level=info", "--enable-feature=expand-external-labels", "--config.file=/usr/local/bin/prometheus.yml", "--web.listen-address=0.0.0.0:9090"] retry_count=1
2024-04-04T16:02:00.724107Z  INFO metrics_capability: starting cadvisor subprocess watcher task
2024-04-04T16:02:00.724127Z  INFO metrics_capability: starting cadvisor subprocess: cadvisor ["--stderrthreshold=0", "--raw_cgroup_prefix_whitelist=/system.slice/containerd.service", "--listen_ip=0.0.0.0", "--port=8081"] retry_count=1
2024-04-04T16:02:00.724308Z  INFO metrics-capability::do_main: metrics_capability: metrics capability starting service address=/mnt/azureml/cr/j/bf97467873434a2998dcf508f0d68f37/.grpc/metrics-capability:0
2024-04-04T16:02:00.724348Z  INFO metrics_capability: heartbeat: starting
2024-04-04T16:02:00.724361Z  INFO metrics_capability: starting node-exporter subprocess watcher task
2024-04-04T16:02:00.724570Z  INFO metrics_capability: starting node-exporter subprocess: node_exporter ["--collector.disable-defaults", "--collector.infiniband", "--collector.diskstats", "--log.level=info", "--web.listen-address=0.0.0.0:9100"] retry_count=1
2024-04-04T16:02:00.725811Z  INFO metrics_capability: started cadvisor subprocess
2024-04-04T16:02:00.737518Z  INFO metrics_capability: starting run token updater task
2024-04-04T16:02:00.737897Z  INFO metrics_capability: starting disk full checker, reserved_disk_space_bytes: 1400000000
2024-04-04T16:02:00.737925Z  INFO metrics_capability: heartbeat: AZ_BATCH_NODE_ROOT_DIR (node_disk_available_bytes) = 12621881344 metric_name=node_disk_available_bytes value=12621881344 root_dir=/mnt/root_dir
2024-04-04T16:02:00.738159Z  INFO vienna_client::run_history::refresh_run_token{service_endpoint="https://eastus2.api.azureml.ms" run_id=RunId { subscription_id: "a101efd6-d688-489d-8126-d3710333f279", resource_group_name: "aml-for-acs-enrichment", workspace_name: "aml-for-acs-workspace", experiment_name: "linear-regression-training", run_id: "b82616d0-55bf-4131-b271-5a44960f6444" }}: vienna_client::run_history: Calling service service_endpoint="https://eastus2.api.azureml.ms"
2024-04-04T16:02:00.738856Z  INFO metrics-capability::do_main:metrics-capability::run_service{address="/mnt/azureml/cr/j/bf97467873434a2998dcf508f0d68f37/.grpc/metrics-capability:0" handles=[JoinHandle { id: Id(9) }, JoinHandle { id: Id(10) }, JoinHandle { id: Id(11) }, JoinHandle { id: Id(12) }, JoinHandle { id: Id(13) }, JoinHandle { id: Id(14) }]}: metrics_capability::service: metrics capability starting service address=/mnt/azureml/cr/j/bf97467873434a2998dcf508f0d68f37/.grpc/metrics-capability:0
2024-04-04T16:02:00.739706Z  INFO metrics-capability::do_main:metrics-capability::run_service{address="/mnt/azureml/cr/j/bf97467873434a2998dcf508f0d68f37/.grpc/metrics-capability:0" handles=[JoinHandle { id: Id(9) }, JoinHandle { id: Id(10) }, JoinHandle { id: Id(11) }, JoinHandle { id: Id(12) }, JoinHandle { id: Id(13) }, JoinHandle { id: Id(14) }]}:serve: grpc_utils::endpoint::serve: serving gRPC service endpoint=Uds("/mnt/azureml/cr/j/bf97467873434a2998dcf508f0d68f37/.grpc/metrics-capability:0") retry=ExponentialBackoffRetry { retry_delay_secs: 2, delay_factor: 1000, num_retries: 3 }
2024-04-04T16:02:00.740359Z  INFO metrics_capability: started node-exporter subprocess
2024-04-04T16:02:00.745107Z  INFO metrics_capability: [node-exporter] ts=2024-04-04T16:02:00.744Z caller=node_exporter.go:192 level=info msg="Starting node_exporter" version="(version=, branch=, revision=e22174ca8e47993dbc8c3aab8c2e6906f06926b5)"
2024-04-04T16:02:00.745232Z  INFO metrics_capability: [node-exporter] ts=2024-04-04T16:02:00.745Z caller=node_exporter.go:193 level=info msg="Build context" build_context="(go=go1.21.3, platform=linux/amd64, user=, date=, tags=unknown)"
2024-04-04T16:02:00.745341Z  INFO metrics_capability: [node-exporter] ts=2024-04-04T16:02:00.745Z caller=node_exporter.go:195 level=warn msg="Node Exporter is running as root user. This exporter is designed to run as unprivileged user, root is not required."
2024-04-04T16:02:00.745664Z  INFO metrics_capability: [node-exporter] ts=2024-04-04T16:02:00.745Z caller=diskstats_common.go:111 level=info collector=diskstats msg="Parsed flag --collector.diskstats.device-exclude" flag=^(z?ram|loop|fd|(h|s|v|xv)d[a-z]|nvme\d+n\d+p)\d+$
2024-04-04T16:02:00.745828Z  INFO metrics_capability: [node-exporter] ts=2024-04-04T16:02:00.745Z caller=diskstats_linux.go:265 level=error collector=diskstats msg="Failed to open directory, disabling udev device properties" path=/run/udev/data
2024-04-04T16:02:00.745923Z  INFO metrics_capability: [node-exporter] ts=2024-04-04T16:02:00.745Z caller=node_exporter.go:110 level=info msg="Enabled collectors"
2024-04-04T16:02:00.745997Z  INFO metrics_capability: [node-exporter] ts=2024-04-04T16:02:00.745Z caller=node_exporter.go:117 level=info collector=diskstats
2024-04-04T16:02:00.746067Z  INFO metrics_capability: [node-exporter] ts=2024-04-04T16:02:00.746Z caller=node_exporter.go:117 level=info collector=infiniband
2024-04-04T16:02:00.746357Z  INFO metrics_capability: started prometheus subprocess
2024-04-04T16:02:00.747134Z  INFO metrics_capability: [node-exporter] ts=2024-04-04T16:02:00.746Z caller=tls_config.go:313 level=info msg="Listening on" address=[::]:9100
2024-04-04T16:02:00.747244Z  INFO metrics_capability: [node-exporter] ts=2024-04-04T16:02:00.747Z caller=tls_config.go:316 level=info msg="TLS is disabled." http2=false address=[::]:9100
2024-04-04T16:02:00.762052Z  INFO metrics_capability: [cadvisor] I0404 16:02:00.761943      13 cadvisor.go:123] enabled metrics: app,cpu,cpuLoad,disk,diskIO,memory,network,oom_event,percpu,perf_event
2024-04-04T16:02:00.762179Z  INFO metrics_capability: [cadvisor] I0404 16:02:00.762164      13 storagedriver.go:55] Caching stats in memory for 2m0s
2024-04-04T16:02:00.762374Z  INFO metrics_capability: [cadvisor] I0404 16:02:00.762356      13 manager.go:169] cAdvisor running in container: "/system.slice/containerd.service/cr_sys_bf97467873434a2998dcf508f0d68f37/23411f746fa641fbbae09b84a2ff2f8f3de1ccd5d2bd1390ac5716aa667d7a75"
2024-04-04T16:02:00.832460Z  INFO metrics_capability: [prometheus] ts=2024-04-04T16:02:00.832Z caller=main.go:184 level=info msg="Experimental expand-external-labels enabled"
2024-04-04T16:02:00.834078Z  INFO metrics_capability: [prometheus] ts=2024-04-04T16:02:00.833Z caller=main.go:617 level=info msg="Starting Prometheus Server" mode=server version="(version=2.51.1, branch=HEAD, revision=855b5ac4b80956874eb1790a04c92327f2f99e38)"
2024-04-04T16:02:00.834218Z  INFO metrics_capability: [prometheus] ts=2024-04-04T16:02:00.834Z caller=main.go:622 level=info build_context="(go=go1.22.1, platform=linux/amd64, user=root@d3785d7783f2, date=20240328-09:27:30, tags=netgo,builtinassets,stringlabels)"
2024-04-04T16:02:00.834418Z  INFO metrics_capability: [prometheus] ts=2024-04-04T16:02:00.834Z caller=main.go:623 level=info host_details="(Linux 5.15.0-1040-azure #47~20.04.1-Ubuntu SMP Fri Jun 2 21:38:08 UTC 2023 x86_64 amolosky1 (none))"
2024-04-04T16:02:00.834520Z  INFO metrics_capability: [prometheus] ts=2024-04-04T16:02:00.834Z caller=main.go:624 level=info fd_limits="(soft=262144, hard=262144)"
2024-04-04T16:02:00.834596Z  INFO metrics_capability: [prometheus] ts=2024-04-04T16:02:00.834Z caller=main.go:625 level=info vm_limits="(soft=unlimited, hard=unlimited)"
2024-04-04T16:02:00.837122Z  INFO metrics_capability: [prometheus] ts=2024-04-04T16:02:00.837Z caller=web.go:568 level=info component=web msg="Start listening for connections" address=0.0.0.0:9090
2024-04-04T16:02:00.837771Z  INFO vienna_client::run_history::refresh_run_token{service_endpoint="https://eastus2.api.azureml.ms" run_id=RunId { subscription_id: "a101efd6-d688-489d-8126-d3710333f279", resource_group_name: "aml-for-acs-enrichment", workspace_name: "aml-for-acs-workspace", experiment_name: "linear-regression-training", run_id: "b82616d0-55bf-4131-b271-5a44960f6444" }}: vienna_client::run_history: close time.busy=60.0ms time.idle=39.6ms
2024-04-04T16:02:00.837822Z  INFO metrics_capability: run token refreshed, expiration 2024-04-05 16:02:00.833763700 +00:00
2024-04-04T16:02:00.837956Z  INFO metrics_capability: run token written to file
2024-04-04T16:02:00.840985Z  INFO metrics_capability: [prometheus] ts=2024-04-04T16:02:00.839Z caller=main.go:1129 level=info msg="Starting TSDB ..."
2024-04-04T16:02:00.842432Z  INFO metrics_capability: [cadvisor] I0404 16:02:00.842386      13 fs.go:132] Filesystem UUIDs: map[37a66782-e3e7-44f6-bd93-56150aa3e4f5:/dev/sdb1 A83C-8E4A:/dev/sda15 aa0c14bb-f5a5-48ce-9e47-82cbcd0dd95a:/dev/sda1]
2024-04-04T16:02:00.842570Z  INFO metrics_capability: [cadvisor] I0404 16:02:00.842421      13 fs.go:133] Filesystem partitions: map[/dev:{mountpoint:/dev major:0 minor:109 fsType:tmpfs blockSize:0} /dev/log:{mountpoint:/dev/log major:0 minor:26 fsType:tmpfs blockSize:0} /dev/root:{mountpoint:/rootfs major:8 minor:1 fsType:ext4 blockSize:0} /dev/sdb1:{mountpoint:/tmp major:8 minor:17 fsType:ext4 blockSize:0} /dev/shm:{mountpoint:/dev/shm major:0 minor:112 fsType:tmpfs blockSize:0} /rootfs/dev/shm:{mountpoint:/rootfs/dev/shm major:0 minor:24 fsType:tmpfs blockSize:0} /rootfs/opt/docker/overlay2/fc7819f89cf37346d224d73fce4b4a7379a73334230c95cd4c81ea93a1bf3811/merged/dev:{mountpoint:/rootfs/opt/docker/overlay2/fc7819f89cf37346d224d73fce4b4a7379a73334230c95cd4c81ea93a1bf3811/merged/dev major:0 minor:109 fsType:tmpfs blockSize:0} /rootfs/opt/docker/overlay2/fc7819f89cf37346d224d73fce4b4a7379a73334230c95cd4c81ea93a1bf3811/merged/dev/shm:{mountpoint:/rootfs/opt/docker/overlay2/fc7819f89cf37346d224d73fce4b4a7379a73334230c95cd4c81ea93a1bf3811/merged/dev/shm major:0 minor:112 fsType:tmpfs blockSize:0} /rootfs/opt/docker/overlay2/fc7819f89cf37346d224d73fce4b4a7379a73334230c95cd4c81ea93a1bf3811/merged/sys/fs/cgroup:{mountpoint:/rootfs/opt/docker/overlay2/fc7819f89cf37346d224d73fce4b4a7379a73334230c95cd4c81ea93a1bf3811/merged/sys/fs/cgroup major:0 minor:28 fsType:tmpfs blockSize:0} /rootfs/run:{mountpoint:/rootfs/run major:0 minor:26 fsType:tmpfs blockSize:0} /rootfs/run/lock:{mountpoint:/rootfs/run/lock major:0 minor:27 fsType:tmpfs blockSize:0} /rootfs/run/snapd/ns:{mountpoint:/rootfs/run/snapd/ns major:0 minor:26 fsType:tmpfs blockSize:0} /rootfs/sys/fs/cgroup:{mountpoint:/rootfs/sys/fs/cgroup major:0 minor:28 fsType:tmpfs blockSize:0} /run/docker.sock:{mountpoint:/run/docker.sock major:0 minor:26 fsType:tmpfs blockSize:0} /sys/fs/cgroup:{mountpoint:/sys/fs/cgroup major:0 minor:28 fsType:tmpfs blockSize:0} overlay_0-53:{mountpoint:/rootfs/opt/docker/overlay2/0bb6ef40c543c2f992542d6aaa1891d86d4b070abd17bd14ddd75c06ca802ff4/merged major:0 minor:53 fsType:overlay blockSize:0} overlay_0-55:{mountpoint:/rootfs/opt/docker/overlay2/8d1ca9fb1c49a6e67efcb84e2fa65bd20517098c1d85e31d127a276b0ca30a87/merged major:0 minor:55 fsType:overlay blockSize:0} overlay_0-64:{mountpoint:/rootfs/opt/docker/overlay2/0eff5d3259e80a5de49c151a9962bef61afc269b651a4a94980f7c1ec0f7db88/merged major:0 minor:64 fsType:overlay blockSize:0} overlay_0-66:{mountpoint:/ major:0 minor:66 fsType:overlay blockSize:0} overlay_0-68:{mountpoint:/rootfs/opt/docker/overlay2/ed9bd27ad64474c9984a5248f058b45478b06381e0ec3a3b9c1117febc2e0423/merged major:0 minor:68 fsType:overlay blockSize:0} overlay_0-74:{mountpoint:/rootfs/opt/docker/overlay2/60dc61b07207bc1e55fbe2b4d593b197ca31c4ef3e859adec4e44f5564ce3439/merged major:0 minor:74 fsType:overlay blockSize:0} overlay_0-86:{mountpoint:/rootfs/opt/docker/overlay2/398c40a6cca79c3081c5add49c2b6415cbefb23297ddc14dd52e846294f8ec57/merged major:0 minor:86 fsType:overlay blockSize:0}]
2024-04-04T16:02:00.870760Z  INFO metrics_capability: [prometheus] ts=2024-04-04T16:02:00.852Z caller=tls_config.go:313 level=info component=web msg="Listening on" address=[::]:9090
2024-04-04T16:02:00.870808Z  INFO metrics_capability: [prometheus] ts=2024-04-04T16:02:00.852Z caller=tls_config.go:316 level=info component=web msg="TLS is disabled." http2=false address=[::]:9090
2024-04-04T16:02:00.870827Z  INFO metrics_capability: [prometheus] ts=2024-04-04T16:02:00.854Z caller=head.go:616 level=info component=tsdb msg="Replaying on-disk memory mappable chunks if any"
2024-04-04T16:02:00.870839Z  INFO metrics_capability: [prometheus] ts=2024-04-04T16:02:00.855Z caller=head.go:698 level=info component=tsdb msg="On-disk memory mappable chunks replay completed" duration=3µs
2024-04-04T16:02:00.870852Z  INFO metrics_capability: [prometheus] ts=2024-04-04T16:02:00.855Z caller=head.go:706 level=info component=tsdb msg="Replaying WAL, this may take a while"
2024-04-04T16:02:00.870861Z  INFO metrics_capability: [prometheus] ts=2024-04-04T16:02:00.855Z caller=head.go:778 level=info component=tsdb msg="WAL segment loaded" segment=0 maxSegment=0
2024-04-04T16:02:00.870872Z  INFO metrics_capability: [prometheus] ts=2024-04-04T16:02:00.855Z caller=head.go:815 level=info component=tsdb msg="WAL replay completed" checkpoint_replay_duration=43.3µs wal_replay_duration=199.902µs wbl_replay_duration=200ns total_replay_duration=269.302µs
2024-04-04T16:02:00.870882Z  INFO metrics_capability: [prometheus] ts=2024-04-04T16:02:00.857Z caller=main.go:1150 level=info fs_type=794c7630
2024-04-04T16:02:00.870893Z  INFO metrics_capability: [prometheus] ts=2024-04-04T16:02:00.857Z caller=main.go:1153 level=info msg="TSDB started"
2024-04-04T16:02:00.870903Z  INFO metrics_capability: [prometheus] ts=2024-04-04T16:02:00.857Z caller=main.go:1335 level=info msg="Loading configuration file" filename=/usr/local/bin/prometheus.yml
2024-04-04T16:02:00.870912Z  INFO metrics_capability: [prometheus] ts=2024-04-04T16:02:00.864Z caller=dedupe.go:112 component=remote level=info remote_name=2ea67b url=https://eastus2.api.azureml.ms/metric/v2.0/subscriptions/a101efd6-d688-489d-8126-d3710333f279/resourceGroups/aml-for-acs-enrichment/providers/Microsoft.MachineLearningServices/workspaces/aml-for-acs-workspace/api/2.0/prometheus/post msg="Starting WAL watcher" queue=2ea67b
2024-04-04T16:02:00.870935Z  INFO metrics_capability: [prometheus] ts=2024-04-04T16:02:00.864Z caller=dedupe.go:112 component=remote level=info remote_name=2ea67b url=https://eastus2.api.azureml.ms/metric/v2.0/subscriptions/a101efd6-d688-489d-8126-d3710333f279/resourceGroups/aml-for-acs-enrichment/providers/Microsoft.MachineLearningServices/workspaces/aml-for-acs-workspace/api/2.0/prometheus/post msg="Starting scraped metadata watcher"
2024-04-04T16:02:00.870950Z  INFO metrics_capability: [prometheus] ts=2024-04-04T16:02:00.865Z caller=dedupe.go:112 component=remote level=info remote_name=2ea67b url=https://eastus2.api.azureml.ms/metric/v2.0/subscriptions/a101efd6-d688-489d-8126-d3710333f279/resourceGroups/aml-for-acs-enrichment/providers/Microsoft.MachineLearningServices/workspaces/aml-for-acs-workspace/api/2.0/prometheus/post msg="Replaying WAL" queue=2ea67b
2024-04-04T16:02:00.870983Z  INFO metrics_capability: [cadvisor] I0404 16:02:00.853674      13 manager.go:217] Machine: {Timestamp:2024-04-04 16:02:00.853390598 +0000 UTC m=+0.124214731 CPUVendorID:GenuineIntel NumCores:4 NumPhysicalCores:4 NumSockets:1 CpuFrequency:2095076 MemoryCapacity:14654386176 SwapCapacity:14654382080 MemoryByType:map[] NVMInfo:{MemoryModeCapacity:0 AppDirectModeCapacity:0 AvgPowerBudget:0} HugePages:[{PageSize:1048576 NumPages:0} {PageSize:2048 NumPages:0}] MachineID:564aad25cf034a8b8e2aaa300b2c883c SystemUUID:9f70b0a9-002e-544a-ab22-c2df9e456da2 BootID:eb0ea9dd-6bb7-4b84-8572-6b16c84726ab Filesystems:[{Device:/rootfs/run/lock DeviceMajor:0 DeviceMinor:27 Capacity:5242880 Type:vfs Inodes:1788865 HasInodes:true} {Device:overlay_0-55 DeviceMajor:0 DeviceMinor:55 Capacity:126759518208 Type:vfs Inodes:15740928 HasInodes:true} {Device:/rootfs/opt/docker/overlay2/fc7819f89cf37346d224d73fce4b4a7379a73334230c95cd4c81ea93a1bf3811/merged/dev/shm DeviceMajor:0 DeviceMinor:112 Capacity:67108864 Type:vfs Inodes:1788865 HasInodes:true} {Device:overlay_0-66 DeviceMajor:0 DeviceMinor:66 Capacity:126759518208 Type:vfs Inodes:15740928 HasInodes:true} {Device:/dev DeviceMajor:0 DeviceMinor:109 Capacity:67108864 Type:vfs Inodes:1788865 HasInodes:true} {Device:/dev/shm DeviceMajor:0 DeviceMinor:112 Capacity:67108864 Type:vfs Inodes:1788865 HasInodes:true} {Device:/rootfs/sys/fs/cgroup DeviceMajor:0 DeviceMinor:28 Capacity:7327191040 Type:vfs Inodes:1788865 HasInodes:true} {Device:/rootfs/run DeviceMajor:0 DeviceMinor:26 Capacity:1465442304 Type:vfs Inodes:1788865 HasInodes:true} {Device:/dev/log DeviceMajor:0 DeviceMinor:26 Capacity:1465442304 Type:vfs Inodes:1788865 HasInodes:true} {Device:/run/docker.sock DeviceMajor:0 DeviceMinor:26 Capacity:1465442304 Type:vfs Inodes:1788865 HasInodes:true} {Device:/rootfs/dev/shm DeviceMajor:0 DeviceMinor:24 Capacity:7327191040 Type:vfs Inodes:1788865 HasInodes:true} {Device:overlay_0-64 DeviceMajor:0 DeviceMinor:64 Capacity:126759518208 Type:vfs Inodes:15740928 HasInodes:true} {Device:/rootfs/opt/docker/overlay2/fc7819f89cf37346d224d73fce4b4a7379a73334230c95cd4c81ea93a1bf3811/merged/dev DeviceMajor:0 DeviceMinor:109 Capacity:67108864 Type:vfs Inodes:1788865 HasInodes:true} {Device:/rootfs/opt/docker/overlay2/fc7819f89cf37346d224d73fce4b4a7379a73334230c95cd4c81ea93a1bf3811/merged/sys/fs/cgroup DeviceMajor:0 DeviceMinor:28 Capacity:7327191040 Type:vfs Inodes:1788865 HasInodes:true} {Device:overlay_0-86 DeviceMajor:0 DeviceMinor:86 Capacity:126759518208 Type:vfs Inodes:15740928 HasInodes:true} {Device:/rootfs/run/snapd/ns DeviceMajor:0 DeviceMinor:26 Capacity:1465442304 Type:vfs Inodes:1788865 HasInodes:true} {Device:overlay_0-53 DeviceMajor:0 DeviceMinor:53 Capacity:126759518208 Type:vfs Inodes:15740928 HasInodes:true} {Device:overlay_0-74 DeviceMajor:0 DeviceMinor:74 Capacity:126759518208 Type:vfs Inodes:15740928 HasInodes:true} {Device:/sys/fs/cgroup DeviceMajor:0 DeviceMinor:28 Capacity:7327191040 Type:vfs Inodes:1788865 HasInodes:true} {Device:/dev/sdb1 DeviceMajor:8 DeviceMinor:17 Capacity:29410496512 Type:vfs Inodes:1835008 HasInodes:true} {Device:/dev/root DeviceMajor:8 DeviceMinor:1 Capacity:126759518208 Type:vfs Inodes:15740928 HasInodes:true} {Device:overlay_0-68 DeviceMajor:0 DeviceMinor:68 Capacity:126759518208 Type:vfs Inodes:15740928 HasInodes:true}] DiskMap:map[8:0:{Name:sda Major:8 Minor:0 Size:130996502528 Scheduler:mq-deadline} 8:16:{Name:sdb Major:8 Minor:16 Size:30064771072 Scheduler:mq-deadline}] NetworkDevices:[{Name:eth0 MacAddress:00:22:48:4c:11:e6 Speed:50000 Mtu:1500}] Topology:[{Id:0 Memory:14654386176 HugePages:[{PageSize:1048576 NumPages:0} {PageSize:2048 NumPages:0}] Cores:[{Id:0 Threads:[0] Caches:[{Id:0 Size:32768 Type:Data Level:1} {Id:0 Size:32768 Type:Instruction Level:1} {Id:0 Size:1048576 Type:Unified Level:2}] UncoreCaches:[] SocketID:0} {Id:1 Threads:[1] Caches:[{Id:1 Size:32768 Type:Data Level:1} {Id:1 Size:32768 Type:Instruction Level:1} {Id:1 Size:1048576 Type:Unified Level:2}] UncoreCaches:[] SocketID:0} {Id:2 Threads:[2] Caches:[{Id:2 Size:32768 Type:Data Level:1} {Id:2 Size:32768 Type:Instruction Level:1} {Id:2 Size:1048576 Type:Unified Level:2}] UncoreCaches:[] SocketID:0} {Id:3 Threads:[3] Caches:[{Id:3 Size:32768 Type:Data Level:1} {Id:3 Size:32768 Type:Instruction Level:1} {Id:3 Size:1048576 Type:Unified Level:2}] UncoreCaches:[] SocketID:0}] Caches:[{Id:0 Size:37486592 Type:Unified Level:3}] Distances:[10]}] CloudProvider:Azure InstanceType:Unknown InstanceID:9f70b0a9-002e-544a-ab22-c2df9e456da2}
2024-04-04T16:02:00.882230Z  INFO metrics_capability: [prometheus] ts=2024-04-04T16:02:00.882Z caller=main.go:1372 level=info msg="Completed loading of configuration file" filename=/usr/local/bin/prometheus.yml totalDuration=24.310563ms db_storage=1.3µs remote_storage=6.520143ms web_handler=600ns query_engine=1.1µs scrape=487.204µs scrape_sd=63.4µs notify=1.2µs notify_sd=1.1µs rules=16.559311ms tracing=8µs
2024-04-04T16:02:00.886807Z  INFO metrics_capability: [cadvisor] I0404 16:02:00.853862      13 manager_no_libpfm.go:29] cAdvisor is build without cgo and/or libpfm support. Perf event counters are not available.
2024-04-04T16:02:00.886826Z  INFO metrics_capability: [cadvisor] I0404 16:02:00.853916      13 manager.go:233] Version: {KernelVersion:5.15.0-1040-azure ContainerOsVersion:Debian GNU/Linux 10 (buster) DockerVersion: DockerAPIVersion: CadvisorVersion: CadvisorRevision:fb348f3}
2024-04-04T16:02:00.886831Z  INFO metrics_capability: [prometheus] ts=2024-04-04T16:02:00.882Z caller=main.go:1114 level=info msg="Server is ready to receive web requests."
2024-04-04T16:02:00.886841Z  INFO metrics_capability: [cadvisor] I0404 16:02:00.854707      13 factory.go:219] Registration of the mesos container factory failed: unable to create mesos agent client: failed to get version
2024-04-04T16:02:00.886854Z  INFO metrics_capability: [cadvisor] I0404 16:02:00.854779      13 factory.go:219] Registration of the containerd container factory failed: unable to create containerd client: containerd: cannot unix dial containerd api service: dial unix /run/containerd/containerd.sock: connect: no such file or directory
2024-04-04T16:02:00.886861Z  INFO metrics_capability: [prometheus] ts=2024-04-04T16:02:00.882Z caller=manager.go:163 level=info component="rule manager" msg="Starting rule manager..."
2024-04-04T16:02:00.886866Z  INFO metrics_capability: [cadvisor] I0404 16:02:00.854872      13 factory.go:219] Registration of the crio container factory failed: Get "http://%2Fvar%2Frun%2Fcrio%2Fcrio.sock/info": dial unix /var/run/crio/crio.sock: connect: no such file or directory
2024-04-04T16:02:00.886884Z  INFO metrics_capability: [cadvisor] I0404 16:02:00.877942      13 factory.go:352] Registering Docker factory
2024-04-04T16:02:00.886896Z  INFO metrics_capability: [cadvisor] I0404 16:02:00.877972      13 factory.go:221] Registration of the docker container factory successfully
2024-04-04T16:02:00.886908Z  INFO metrics_capability: [cadvisor] I0404 16:02:00.878247      13 factory.go:219] Registration of the podman container factory failed: failed to validate Podman info: response not present: Get "http://d/v1.0.0/info": dial unix /var/run/podman/podman.sock: connect: no such file or directory
2024-04-04T16:02:00.886920Z  INFO metrics_capability: [cadvisor] I0404 16:02:00.878266      13 factory.go:55] Registering systemd factory
2024-04-04T16:02:00.886931Z  INFO metrics_capability: [cadvisor] I0404 16:02:00.878272      13 factory.go:221] Registration of the systemd container factory successfully
2024-04-04T16:02:00.886941Z  INFO metrics_capability: [cadvisor] I0404 16:02:00.878392      13 factory.go:103] Registering Raw factory
2024-04-04T16:02:00.886951Z  INFO metrics_capability: [cadvisor] I0404 16:02:00.878494      13 manager.go:1196] Started watching for new ooms in manager
2024-04-04T16:02:00.886962Z  INFO metrics_capability: [cadvisor] I0404 16:02:00.879140      13 manager.go:319] Starting recovery of all containers
2024-04-04T16:02:00.966908Z  INFO metrics_capability: [cadvisor] I0404 16:02:00.966728      13 manager.go:324] Recovery completed
2024-04-04T16:02:01.014195Z  INFO metrics_capability: [cadvisor] I0404 16:02:01.013809      13 cadvisor.go:176] Starting cAdvisor version: -fb348f3 on port 8081
2024-04-04T16:02:03.700036Z  INFO metrics-capability::start: metrics_capability::capability_service: metrics capability lifecycle hook start called
2024-04-04T16:02:03.700087Z  INFO metrics-capability::start: metrics_capability::capability_service: close time.busy=51.8µs time.idle=10.7µs
2024-04-04T16:02:09.689189Z  INFO metrics_capability: [prometheus] ts=2024-04-04T16:02:09.689Z caller=dedupe.go:112 component=remote level=info remote_name=2ea67b url=https://eastus2.api.azureml.ms/metric/v2.0/subscriptions/a101efd6-d688-489d-8126-d3710333f279/resourceGroups/aml-for-acs-enrichment/providers/Microsoft.MachineLearningServices/workspaces/aml-for-acs-workspace/api/2.0/prometheus/post msg="Done replaying WAL" duration=8.824040615s
2024-04-04T16:02:16.972837Z  INFO metrics-capability::end: metrics_capability::capability_service: metrics capability lifecycle hook end called
2024-04-04T16:02:16.972886Z  INFO metrics-capability::end: metrics_capability::capability_service: close time.busy=49.8µs time.idle=23.5µs
